<?xml version="1.0" encoding="UTF-8"?>
<!-- Generated by org.testng.reporters.JUnitReportReporter -->
<testsuite skipped="0" hostname="DESKTOP-NH8I41E" name="package_E2E.project_E2E.RediffLoginPage" tests="2" failures="0" timestamp="2020-11-20T07:13:30 IST" time="12.924" errors="0">
  <testcase name="userNameTestExample1" time="5.741" classname="package_E2E.project_E2E.RediffLoginPage"/>
  <system-out/>
  <testcase name="userNameTestExample2" time="7.183" classname="package_E2E.project_E2E.RediffLoginPage"/>
  <system-out/>
</testsuite> <!-- package_E2E.project_E2E.RediffLoginPage -->
